----------------------------------------------------------------------------------------------------
------------------------------------ MegaLinter, by OX Security ------------------------------------
----------------------------------------------------------------------------------------------------
 - Image Creation Date: 2026-06-26T03:51:38.580Z
 - Image Revision: bf8ca1d7ced89435f37b057a418fd6507eab920c
 - Image Version: beta
----------------------------------------------------------------------------------------------------
The MegaLinter documentation can be found at:
 - https://megalinter.io/beta
----------------------------------------------------------------------------------------------------
::group::MegaLinter initialization (expand for details)
MegaLinter will analyze workspace [/github/workspace]
GITHUB_REPOSITORY: Wuodan/ensure-immutable-actions-test
GITHUB_REF: refs/heads/development
GITHUB_RUN_ID: 28219958913
PAT: not set

[Activation] ANSIBLE_ANSIBLE_LINT has been set inactive, as none of these files has been found: ['.ansible-lint', '.ansible-lint.yml', '.ansible-lint.yaml', '.config/ansible-lint.yml', '.config/ansible-lint.yaml']
[Activation] EDITORCONFIG_EDITORCONFIG_CHECKER has been set inactive, as none of these files has been found: ['.editorconfig']
[Activation] JAVASCRIPT_ES has been set inactive, as none of these files has been found: ['eslint.config.js', 'eslint.config.mjs', 'eslint.config.cjs', 'eslint.config.ts', 'eslint.config.mts', 'eslint.config.cts', '.eslintrc.json', '.eslintrc.yml', '.eslintrc.yaml', '.eslintrc.js', '.eslintrc.cjs', 'package.json:eslintConfig']
[Activation] JSON_NPM_PACKAGE_JSON_LINT has been set inactive, as none of these files has been found: ['package.json']
[Activation] JSX_ESLINT has been set inactive, as none of these files has been found: ['eslint.config.js', 'eslint.config.mjs', 'eslint.config.cjs', 'eslint.config.ts', 'eslint.config.mts', 'eslint.config.cts', '.eslintrc.json', '.eslintrc.yml', '.eslintrc.yaml', '.eslintrc.js', '.eslintrc.cjs', 'package.json:eslintConfig']
[Activation] KUBERNETES_KUBECONFORM has been set inactive, as subdirectory has not been found: kubernetes (set value "any" to always activate)
[Activation] KUBERNETES_HELM has been set inactive, as none of these files has been found: ['Chart.yml', 'Chart.yaml']
[Activation] KUBERNETES_KUBESCAPE has been set inactive, as none of these files has been found: ['Chart.yml', 'Chart.yaml']
[Activation] REPOSITORY_LS_LINT has been set inactive, as none of these files has been found: ['.ls-lint.yml']
[SemgrepLinter] Deactivated because no ruleset has been defined
[Activation] SALESFORCE_CODE_ANALYZER_APEX has been set inactive, as subdirectory has not been found: force-app (set value "any" to always activate)
[Activation] SALESFORCE_CODE_ANALYZER_AURA has been set inactive, as subdirectory has not been found: force-app (set value "any" to always activate)
[Activation] SALESFORCE_CODE_ANALYZER_LWC has been set inactive, as subdirectory has not been found: force-app (set value "any" to always activate)
[Activation] SALESFORCE_SFDX_SCANNER_APEX has been set inactive, as subdirectory has not been found: force-app (set value "any" to always activate)
[Activation] SALESFORCE_SFDX_SCANNER_AURA has been set inactive, as subdirectory has not been found: force-app (set value "any" to always activate)
[Activation] SALESFORCE_SFDX_SCANNER_LWC has been set inactive, as subdirectory has not been found: force-app (set value "any" to always activate)
[Activation] SALESFORCE_LIGHTNING_FLOW_SCANNER has been set inactive, as subdirectory has not been found: force-app (set value "any" to always activate)
[Activation] SPELL_PROSELINT has been set inactive, as none of these files has been found: ['.proselintrc', 'proselint/config.json']
[Activation] SPELL_VALE has been set inactive, as none of these files has been found: ['.vale.ini']
[Activation] SPELL_CODESPELL has been set inactive, as none of these files has been found: ['.codespellrc']
[Activation] SQL_SQLFLUFF has been set inactive, as none of these files has been found: ['.sqlfluff']
[Activation] SWIFT_SWIFTLINT has been set inactive, as none of these files has been found: ['.swiftlint.yml']
[Activation] TSX_ESLINT has been set inactive, as none of these files has been found: ['eslint.config.js', 'eslint.config.mjs', 'eslint.config.cjs', 'eslint.config.ts', 'eslint.config.mts', 'eslint.config.cts', '.eslintrc.json', '.eslintrc.yml', '.eslintrc.yaml', '.eslintrc.js', '.eslintrc.cjs', 'package.json:eslintConfig']
[Activation] TYPESCRIPT_ES has been set inactive, as none of these files has been found: ['eslint.config.js', 'eslint.config.mjs', 'eslint.config.cjs', 'eslint.config.ts', 'eslint.config.mts', 'eslint.config.cts', '.eslintrc.json', '.eslintrc.yml', '.eslintrc.yaml', '.eslintrc.js', '.eslintrc.cjs', 'package.json:eslintConfig']
API_SPECTRAL has been disabled in MegaLinter for the following reason: crashing
JSON_ESLINT_PLUGIN_JSONC has been disabled in MegaLinter for the following reason: Bug in eslint-plugin-jsonc: <https://github.com/ota-meshi/eslint-plugin-jsonc/issues/328>
LUA_SELENE has been disabled in MegaLinter for the following reason: <https://github.com/Kampfkarren/selene/issues/662>
MAKEFILE_CHECKMAKE has been disabled in MegaLinter for the following reason: Security issues: <https://github.com/checkmake/checkmake/issues/99>
MARKDOWN_REMARK_LINT has been disabled in MegaLinter for the following reason: Bug in remark-lint: <https://github.com/remarkjs/remark-lint/issues/322>
PUPPET_PUPPET_LINT has been disabled in MegaLinter for the following reason: <https://github.com/puppetlabs/puppet-lint/issues/251>
REPOSITORY_GITLEAKS is deprecated and will be removed in a future major release. gitleaks has been superseded by betterleaks, a faster and more accurate secrets scanner created by the same author. Please migrate to REPOSITORY_BETTERLEAKS. Disable gitleaks by adding REPOSITORY_GITLEAKS to DISABLE_LINTERS in your .mega-linter.yml. See <https://github.com/betterleaks/betterleaks>. Add REPOSITORY_GITLEAKS to DISABLE_LINTERS in your .mega-linter.yml to disable it.
REPOSITORY_KICS has been disabled in MegaLinter for the following reason: Supply chain compromise - <https://socket.dev/blog/checkmarx-supply-chain-compromise>
SALESFORCE_SFDX_SCANNER_APEX has been disabled in MegaLinter for the following reason: sfdx-scanner is incompatible with Node.js 22+ (TypeError: Cannot read properties of undefined (reading 'prototype')). Use SALESFORCE_CODE_ANALYZER_APEX instead.
SALESFORCE_SFDX_SCANNER_AURA has been disabled in MegaLinter for the following reason: sfdx-scanner is incompatible with Node.js 22+ (TypeError: Cannot read properties of undefined (reading 'prototype')). Use SALESFORCE_CODE_ANALYZER_AURA instead.
SALESFORCE_SFDX_SCANNER_LWC has been disabled in MegaLinter for the following reason: sfdx-scanner is incompatible with Node.js 22+ (TypeError: Cannot read properties of undefined (reading 'prototype')). Use SALESFORCE_CODE_ANALYZER_LWC instead.
SALESFORCE_LIGHTNING_FLOW_SCANNER has been disabled in MegaLinter for the following reason: Repo archived -> <https://github.com/Lightning-Flow-Scanner>
TERRAFORM_TERRASCAN is deprecated and will be removed in a future major release. Repo archived. <https://github.com/tenable/terrascan> Add TERRAFORM_TERRASCAN to DISABLE_LINTERS in your .mega-linter.yml to disable it.
Skipped linters: ANSIBLE_ANSIBLE_LINT, API_SPECTRAL, EDITORCONFIG_EDITORCONFIG_CHECKER, JAVASCRIPT_ES, JAVASCRIPT_PRETTIER, JSON_ESLINT_PLUGIN_JSONC, JSON_NPM_PACKAGE_JSON_LINT, JSX_ESLINT, KUBERNETES_HELM, KUBERNETES_KUBECONFORM, KUBERNETES_KUBESCAPE, LUA_SELENE, MAKEFILE_CHECKMAKE, MARKDOWN_REMARK_LINT, MARKDOWN_RUMDL, PUPPET_PUPPET_LINT, PYTHON_RUFF_FORMAT, REPOSITORY_KICS, REPOSITORY_LS_LINT, REPOSITORY_SEMGREP, SALESFORCE_CODE_ANALYZER_APEX, SALESFORCE_CODE_ANALYZER_AURA, SALESFORCE_CODE_ANALYZER_LWC, SALESFORCE_LIGHTNING_FLOW_SCANNER, SALESFORCE_SFDX_SCANNER_APEX, SALESFORCE_SFDX_SCANNER_AURA, SALESFORCE_SFDX_SCANNER_LWC, SPELL_CODESPELL, SPELL_PROSELINT, SPELL_VALE, SQL_SQLFLUFF, SWIFT_SWIFTLINT, TSX_ESLINT, TYPESCRIPT_ES, TYPESCRIPT_PRETTIER
Some linters were skipped due to activation rules:
- JAVASCRIPT_PRETTIER: JAVASCRIPT_DEFAULT_STYLE=standard (set JAVASCRIPT_DEFAULT_STYLE=prettier to activate)
- MARKDOWN_REMARK_LINT: MARKDOWN_DEFAULT_STYLE=markdownlint (set MARKDOWN_DEFAULT_STYLE=remark-lint to activate)
- MARKDOWN_RUMDL: MARKDOWN_DEFAULT_STYLE=markdownlint (set MARKDOWN_DEFAULT_STYLE=rumdl to activate)
- PYTHON_RUFF_FORMAT: PYTHON_DEFAULT_STYLE=black (set PYTHON_DEFAULT_STYLE=ruff to activate)
- TYPESCRIPT_PRETTIER: TYPESCRIPT_DEFAULT_STYLE=standard (set TYPESCRIPT_DEFAULT_STYLE=prettier to activate)
[ApiReporter] Not enabled as API_REPORTER is not defined to true
To receive reports as email, please set variable EMAIL_REPORTER_EMAIL
::endgroup::
::group::MegaLinter now collects the files to analyse (expand for details)
Listing all files in directory [/github/workspace], then filter with:
- File extensions: , .R, .RMD, .Rmd, .bash, .bicep, .c, .c++, .cc, .cdxml, .clj, .cljc, .cljs, .coffee, .config, .cpp, .cs, .csproj, .css, .cu, .cuh, .cxx, .dart, .dash, .edn, .env, .feature, .go, .gradle, .graphql, .groovy, .gvy, .h, .h++, .hcl, .hh, .hpp, .htm, .html, .hxx, .ipynb, .java, .js, .json, .json5, .jsonc, .ksh, .kt, .kts, .lua, .markdown, .md, .mdx, .nf, .p6, .php, .pl, .pl6, .pm, .pm6, .props, .proto, .ps1, .ps1xml, .psd1, .psm1, .psrc, .pssc, .pxd, .py, .pyi, .pyx, .r, .raku, .rakumod, .rakutest, .rb, .resource, .robot, .rs, .rst, .saas, .scala, .scss, .sh, .smk, .sql, .t, .targets, .tex, .tf, .ts, .txt, .vb, .xml, .xsd, .yaml, .yml
- File names (regex): (.*\.)?Dockerfile, Containerfile, Jenkinsfile, Snakefile
- Excluding .gitignored files [0]: 
Kept [32] files on [34] found files

+----MATCHING LINTERS-------------------+------------------------------------------------------------------------+----------------+------------+
| Descriptor | Linter                   | Criteria                                                               | Matching files | Format/Fix |
+------------+--------------------------+------------------------------------------------------------------------+----------------+------------+
| ACTION     | actionlint               | .yml|.yaml                                                             | 11             | no         |
| ACTION     | zizmor                   | .yml|.yaml                                                             | 11             | yes        |
| BASH       | bash-exec                | |.sh|.bash|.dash|.ksh                                                  | 1              | no         |
| BASH       | shellcheck               | |.sh|.bash|.dash|.ksh                                                  | 1              | no         |
| BASH       | shfmt                    | |.sh|.bash|.dash|.ksh                                                  | 1              | yes        |
| COPYPASTE  | jscpd                    |                                                                        | project        | no         |
| JSON       | jsonlint                 | .json                                                                  | 10             | no         |
| JSON       | v8r                      | .json                                                                  | 10             | no         |
| JSON       | prettier                 | .json                                                                  | 10             | yes        |
| MARKDOWN   | markdownlint             | .md                                                                    | 2              | yes        |
| MARKDOWN   | markdown-table-formatter | .md                                                                    | 2              | yes        |
| REPOSITORY | checkov                  |                                                                        | project        | no         |
| REPOSITORY | devskim                  |                                                                        | project        | no         |
| REPOSITORY | dustilock                |                                                                        | project        | no         |
| REPOSITORY | git_diff                 |                                                                        | project        | no         |
| REPOSITORY | gitleaks                 |                                                                        | project        | no         |
| REPOSITORY | betterleaks              |                                                                        | project        | no         |
| REPOSITORY | grype                    |                                                                        | project        | no         |
| REPOSITORY | osv-scanner              |                                                                        | project        | no         |
| REPOSITORY | secretlint               |                                                                        | project        | no         |
| REPOSITORY | syft                     |                                                                        | project        | no         |
| REPOSITORY | trivy                    |                                                                        | project        | no         |
| REPOSITORY | trivy-sbom               |                                                                        | project        | no         |
| REPOSITORY | trufflehog               |                                                                        | project        | no         |
| REPOSITORY | kingfisher               |                                                                        | project        | no         |
| SPELL      | cspell                   |                                                                        | 32             | no         |
| SPELL      | lychee                   | .md|.mdx|.markdown|.html|.htm|.rst|.txt|.json|.jsonc|.json5|.yaml|.yml | 29             | no         |
| YAML       | prettier                 | .yml|.yaml                                                             | 17             | yes        |
| YAML       | yamllint                 | .yml|.yaml                                                             | 17             | no         |
| YAML       | v8r                      | .yml|.yaml                                                             | 17             | no         |
+------------+--------------------------+------------------------------------------------------------------------+----------------+------------+
::endgroup::
Processing linters on [32] parallel cores… (can be decreased with variable PARALLEL_PROCESS_NUMBER in case of performance issues)
::group::[32m✅ Linted [ACTION] files with [actionlint] successfully - (0.17s)[0m (expand for details)
- Using [actionlint v1.7.12] https://megalinter.io/beta/descriptors/action_actionlint
- MegaLinter key: [ACTION_ACTIONLINT]
- Rules config: identified by [actionlint]
- Number of files analyzed: [11]
- CWD: [/github/workspace]
- Command: [actionlint .github/workflows/ci_lint.yml .github/workflows/targets-first-party.yml .github/workflows/targets-immutable.yml .github/workflows/targets-local-reusable-workflow-immutable-child.yml .github/workflows/targets-local-reusable-workflow-immutab...(truncated)]
::endgroup::
::group::[32m✅ Linted [ACTION] files with [zizmor] successfully - (1.75s)[0m (expand for details)
- Using [zizmor v1.25.0] https://megalinter.io/beta/descriptors/action_zizmor
- MegaLinter key: [ACTION_ZIZMOR]
- Rules config: [/github/workspace/zizmor.yml]
- Number of files analyzed: [11]
- CWD: [/github/workspace]
- Command: [zizmor --fix --config /github/workspace/zizmor.yml .github/workflows/ci_lint.yml .github/workflows/targets-first-party.yml .github/workflows/targets-immutable.yml .github/workflows/targets-local-reusable-workflow-immutable-child.yml .github/workflows...(truncated)]
::endgroup::
::group::[32m✅ Linted [BASH] files with [bash-exec] successfully - (0.15s)[0m (expand for details)
- Using [bash-exec v5.3.9] https://megalinter.io/beta/descriptors/bash_bash_exec
- MegaLinter key: [BASH_EXEC]
- Rules config: identified by [bash-exec]
- Number of files analyzed: [1]
- CWD: [/github/workspace]
- Command: [bash-exec scripts/render-fixtures.sh]
::endgroup::
::group::[32m✅ Linted [BASH] files with [shellcheck] successfully - (0.04s)[0m (expand for details)
- Using [shellcheck v0.11.0] https://megalinter.io/beta/descriptors/bash_shellcheck
- MegaLinter key: [BASH_SHELLCHECK]
- Rules config: identified by [shellcheck]
- Number of files analyzed: [1]
- CWD: [/github/workspace]
- Command: [shellcheck --color=auto --external-sources scripts/render-fixtures.sh]
::endgroup::
::group::[32m✅ Linted [BASH] files with [shfmt] successfully - (0.02s)[0m (expand for details)
- Using [shfmt v3.13.1] https://megalinter.io/beta/descriptors/bash_shfmt
- MegaLinter key: [BASH_SHFMT]
- Rules config: identified by [shfmt]
- Number of files analyzed: [1]
- CWD: [/github/workspace]
- Command: [shfmt -w scripts/render-fixtures.sh]
::endgroup::
::group::[32m✅ Linted [COPYPASTE] files with [jscpd] successfully - (0.2s)[0m (expand for details)
- Using [jscpd v5.0.11] https://megalinter.io/beta/descriptors/copypaste_jscpd
- MegaLinter key: [COPYPASTE_JSCPD]
- Rules config: [.jscpd.json]
- CWD: [/github/workspace]
- Command: [jscpd --reporters console,html --output /github/workspace/megalinter-reports/copy-paste/ -c /action/lib/.automation/.jscpd.json .]
::endgroup::
::group::[32m✅ Linted [JSON] files with [jsonlint] successfully - (0.22s)[0m (expand for details)
- Using [jsonlint v17.0.1] https://megalinter.io/beta/descriptors/json_jsonlint
- MegaLinter key: [JSON_JSONLINT]
- Rules config: identified by [jsonlint]
- Number of files analyzed: [10]
- CWD: [/github/workspace]
- Command: [jsonlint --quiet .cspell.json expected/exclude-all-workflows.json expected/exclude-workflows-selection.json expected/invalid-workflows-input.json expected/targets-first-party-include-first-party.json expected/targets-immutable.json expected/targets-m...(truncated)]
::endgroup::
::group::[32m✅ Linted [JSON] files with [prettier] successfully - (0.19s)[0m (expand for details)
- Using [prettier v3.8.4] https://megalinter.io/beta/descriptors/json_prettier
- MegaLinter key: [JSON_PRETTIER]
- Rules config: identified by [prettier]
- Number of files analyzed: [10]
- CWD: [/github/workspace]
- Command: [prettier --write .cspell.json expected/exclude-all-workflows.json expected/exclude-workflows-selection.json expected/invalid-workflows-input.json expected/targets-first-party-include-first-party.json expected/targets-immutable.json expected/targets-m...(truncated)]
::endgroup::
::group::[32m✅ Linted [JSON] files with [v8r] successfully - (1.4s)[0m (expand for details)
- Using [v8r v6.1.0] https://megalinter.io/beta/descriptors/json_v8r
- MegaLinter key: [JSON_V8R]
- Rules config: identified by [v8r]
- Number of files analyzed: [10]
- CWD: [/github/workspace]
- Command: [v8r --ignore-errors .cspell.json expected/exclude-all-workflows.json expected/exclude-workflows-selection.json expected/invalid-workflows-input.json expected/targets-first-party-include-first-party.json expected/targets-immutable.json expected/target...(truncated)]
::endgroup::
::group::[32m✅ Linted [MARKDOWN] files with [markdownlint] successfully - (0.33s)[0m (expand for details)
- Using [markdownlint v0.49.0] https://megalinter.io/beta/descriptors/markdown_markdownlint
- MegaLinter key: [MARKDOWN_MARKDOWNLINT]
- Rules config: [.markdownlint.json]
- Number of files analyzed: [2]
- CWD: [/github/workspace]
- Command: [markdownlint --fix -c /action/lib/.automation/.markdownlint.json .github/actions/close-pull-request/README.md README.md]
::endgroup::
::group::[32m✅ Linted [MARKDOWN] files with [markdown-table-formatter] successfully - (0.15s)[0m (expand for details)
- Using [markdown-table-formatter v1.7.0] https://megalinter.io/beta/descriptors/markdown_markdown_table_formatter
- MegaLinter key: [MARKDOWN_MARKDOWN_TABLE_FORMATTER]
- Rules config: identified by [markdown-table-formatter]
- Number of files analyzed: [2]
- CWD: [/github/workspace]
- Command: [markdown-table-formatter .github/actions/close-pull-request/README.md README.md]
::endgroup::
::group::[32m✅ Linted [REPOSITORY] files with [betterleaks] successfully - (0.69s)[0m (expand for details)
- Using [betterleaks v1.5.0] https://megalinter.io/beta/descriptors/repository_betterleaks
- MegaLinter key: [REPOSITORY_BETTERLEAKS]
- Rules config: identified by [betterleaks]
- CWD: [/github/workspace]
- Command: [betterleaks dir --redact --verbose .]
::endgroup::
::group::[32m✅ Linted [REPOSITORY] files with [checkov] successfully - (10.91s)[0m (expand for details)
- Using [checkov v3.3.2] https://megalinter.io/beta/descriptors/repository_checkov
- MegaLinter key: [REPOSITORY_CHECKOV]
- Rules config: [/github/workspace/.checkov.yml]
- CWD: [/github/workspace]
- Command: [checkov --config-file /github/workspace/.checkov.yml --directory .]
::endgroup::
::group::[32m✅ Linted [REPOSITORY] files with [devskim] successfully - (1.04s)[0m (expand for details)
- Using [devskim v1.0.70] https://megalinter.io/beta/descriptors/repository_devskim
- MegaLinter key: [REPOSITORY_DEVSKIM]
- Rules config: [.devskim.json]
- CWD: [/github/workspace]
- Command: [devskim analyze --options-json /action/lib/.automation/.devskim.json --source-code . -E]
::endgroup::
::group::[32m✅ Linted [REPOSITORY] files with [dustilock] successfully - (0.14s)[0m (expand for details)
- Using [dustilock v1.2.0] https://megalinter.io/beta/descriptors/repository_dustilock
- MegaLinter key: [REPOSITORY_DUSTILOCK]
- Rules config: identified by [dustilock]
- CWD: [/github/workspace]
- Command: [dustilock --recursive]
::endgroup::
::group::[32m✅ Linted [REPOSITORY] files with [gitleaks] successfully - (0.21s)[0m (expand for details)
- Using [gitleaks v8.30.1] https://megalinter.io/beta/descriptors/repository_gitleaks
- MegaLinter key: [REPOSITORY_GITLEAKS]
- Rules config: [.gitleaks.toml]
- CWD: [/github/workspace]
- Command: [gitleaks detect --redact -c /action/lib/.automation/.gitleaks.toml --verbose --source .]
::endgroup::
::group::[32m✅ Linted [REPOSITORY] files with [git_diff] successfully - (0.12s)[0m (expand for details)
- Using [git_diff v2.54.0] https://megalinter.io/beta/descriptors/repository_git_diff
- MegaLinter key: [REPOSITORY_GIT_DIFF]
- Rules config: identified by [git_diff]
- CWD: [/github/workspace]
- Command: [git diff --check]
::endgroup::
::group::[32m✅ Linted [REPOSITORY] files with [grype] successfully - (32.94s)[0m (expand for details)
- Using [grype v0.114.0] https://megalinter.io/beta/descriptors/repository_grype
- MegaLinter key: [REPOSITORY_GRYPE]
- Rules config: [.grype.yaml]
- CWD: [/github/workspace]
- Command: [grype --config /action/lib/.automation/.grype.yaml dir:.]
::endgroup::
::group::[32m✅ Linted [REPOSITORY] files with [kingfisher] successfully - (4.96s)[0m (expand for details)
- Using [kingfisher v1.104.0] https://megalinter.io/beta/descriptors/repository_kingfisher
- MegaLinter key: [REPOSITORY_KINGFISHER]
- Rules config: identified by [kingfisher]
- CWD: [/github/workspace]
- Command: [kingfisher scan . --redact --git-history=none]
::endgroup::
::group::[32m✅ Linted [REPOSITORY] files with [osv-scanner] successfully - (0.25s)[0m (expand for details)
- Using [osv-scanner v2.3.8] https://megalinter.io/beta/descriptors/repository_osv_scanner
- MegaLinter key: [REPOSITORY_OSV_SCANNER]
- Rules config: identified by [osv-scanner]
- CWD: [/github/workspace]
- Command: [osv-scanner scan source --recursive .]
::endgroup::
::group::[32m✅ Linted [REPOSITORY] files with [secretlint] successfully - (0.47s)[0m (expand for details)
- Using [secretlint v11.7.1] https://megalinter.io/beta/descriptors/repository_secretlint
- MegaLinter key: [REPOSITORY_SECRETLINT]
- Rules config: [.secretlintrc.json]
- CWD: [/github/workspace]
- Command: [secretlint --secretlintrc /action/lib/.automation/.secretlintrc.json --secretlintignore .gitignore **/*]
::endgroup::
::group::[32m✅ Linted [REPOSITORY] files with [syft] successfully - (1.31s)[0m (expand for details)
- Using [syft v1.45.1] https://megalinter.io/beta/descriptors/repository_syft
- MegaLinter key: [REPOSITORY_SYFT]
- Rules config: identified by [syft]
- CWD: [/github/workspace]
- Command: [syft scan .]
::endgroup::
::group::[32m✅ Linted [REPOSITORY] files with [trivy] successfully - (11.25s)[0m (expand for details)
- Using [trivy v0.71.2] https://megalinter.io/beta/descriptors/repository_trivy
- MegaLinter key: [REPOSITORY_TRIVY]
- Rules config: identified by [trivy]
- CWD: [/github/workspace]
- Command: [trivy fs --scanners vuln,misconfig --exit-code 1 .]
::endgroup::
::group::[32m✅ Linted [REPOSITORY] files with [trivy-sbom] successfully - (0.23s)[0m (expand for details)
- Using [trivy-sbom v0.71.2] https://megalinter.io/beta/descriptors/repository_trivy_sbom
- MegaLinter key: [REPOSITORY_TRIVY_SBOM]
- Rules config: identified by [trivy-sbom]
- CWD: [/github/workspace]
- Command: [trivy fs --format cyclonedx .]
::endgroup::
::group::[32m✅ Linted [REPOSITORY] files with [trufflehog] successfully - (1.75s)[0m (expand for details)
- Using [trufflehog v3.95.6] https://megalinter.io/beta/descriptors/repository_trufflehog
- MegaLinter key: [REPOSITORY_TRUFFLEHOG]
- Rules config: identified by [trufflehog]
- CWD: [/github/workspace]
- Command: [trufflehog filesystem . --fail --only-verified --no-update --exclude-paths=/action/lib/.automation/.trufflehogignore]
::endgroup::
::group::[32m✅ Linted [SPELL] files with [cspell] successfully - (1.51s)[0m (expand for details)
- Using [cspell v10.0.1] https://megalinter.io/beta/descriptors/spell_cspell
- MegaLinter key: [SPELL_CSPELL]
- Rules config: [/github/workspace/.cspell.json]
- Number of files analyzed: [33]
- CWD: [/github/workspace]
- Command: [cspell --show-context --show-suggestions --no-must-find-files -c /github/workspace/.cspell.json .checkov.yml .cspell.json .github/actions/close-pull-request/README.md .github/actions/close-pull-request/action.yml .github/actions/local-from-workflow/a...(truncated)]
::endgroup::
::group::[32m✅ Linted [SPELL] files with [lychee] successfully - (0.45s)[0m (expand for details)
- Using [lychee v0.24.2] https://megalinter.io/beta/descriptors/spell_lychee
- MegaLinter key: [SPELL_LYCHEE]
- Rules config: [/github/workspace/lychee.toml]
- Number of files analyzed: [29]
- CWD: [/github/workspace]
- Command: [lychee --format detailed --no-progress --config /github/workspace/lychee.toml .checkov.yml .cspell.json .github/actions/close-pull-request/README.md .github/actions/close-pull-request/action.yml .github/actions/local-from-workflow/action.yml .github/...(truncated)]
::endgroup::
::group::[32m✅ Linted [YAML] files with [prettier] successfully - (0.33s)[0m (expand for details)
- Using [prettier v3.8.4] https://megalinter.io/beta/descriptors/yaml_prettier
- MegaLinter key: [YAML_PRETTIER]
- Rules config: identified by [prettier]
- Number of files analyzed: [17]
- CWD: [/github/workspace]
- Command: [prettier --write .checkov.yml .github/actions/close-pull-request/action.yml .github/actions/local-from-workflow/action.yml .github/dependabot.yml .github/workflows/ci_lint.yml .github/workflows/targets-first-party.yml .github/workflows/targets-immuta...(truncated)]
::endgroup::
::group::[31m❌ Linted [YAML] files with [v8r]: Found 1 error(s) and 0 warning(s) - (2.84s)[0m (expand for details)
- Using [v8r v6.1.0] https://megalinter.io/beta/descriptors/yaml_v8r
- MegaLinter key: [YAML_V8R]
- Rules config: identified by [v8r]
- Number of files analyzed: [17]
- CWD: [/github/workspace]
- Command: [v8r --ignore-errors .checkov.yml .github/actions/close-pull-request/action.yml .github/actions/local-from-workflow/action.yml .github/dependabot.yml .github/workflows/ci_lint.yml .github/workflows/targets-first-party.yml .github/workflows/targets-imm...(truncated)]
--Error detail:
✖ .github/actions/local-from-workflow/action.yml is invalid

.github/actions/local-from-workflow/action.yml# must have required property 'description'
::endgroup::
::group::[32m✅ Linted [YAML] files with [yamllint] successfully - (0.37s)[0m (expand for details)
- Using [yamllint v1.38.0] https://megalinter.io/beta/descriptors/yaml_yamllint
- MegaLinter key: [YAML_YAMLLINT]
- Rules config: [.yamllint.yml]
- Number of files analyzed: [17]
- CWD: [/github/workspace]
- Command: [yamllint --format standard -c /action/lib/.automation/.yamllint.yml .checkov.yml .github/actions/close-pull-request/action.yml .github/actions/local-from-workflow/action.yml .github/dependabot.yml .github/workflows/ci_lint.yml .github/workflows/targe...(truncated)]
::endgroup::

+----SUMMARY----+--------------------------+---------------+-------+-------+--------+----------+--------------+
| Descriptor    | Linter                   | Mode          | Files | Fixed | Errors | Warnings | Elapsed time |
+---------------+--------------------------+---------------+-------+-------+--------+----------+--------------+
| ✅ ACTION     | actionlint               | list_of_files |    11 |       |      0 |        0 | 0.17s        |
| ✅ ACTION     | zizmor                   | list_of_files |    11 |     4 |      0 |        0 | 1.75s        |
| ✅ BASH       | bash-exec                | file          |     1 |       |      0 |        0 | 0.15s        |
| ✅ BASH       | shellcheck               | list_of_files |     1 |       |      0 |        0 | 0.04s        |
| ✅ BASH       | shfmt                    | list_of_files |     1 |     1 |      0 |        0 | 0.02s        |
| ✅ COPYPASTE  | jscpd                    | project       |   n/a |       |      0 |        0 | 0.2s         |
| ✅ JSON       | jsonlint                 | list_of_files |    10 |       |      0 |        0 | 0.22s        |
| ✅ JSON       | prettier                 | list_of_files |    10 |     8 |      0 |        0 | 0.19s        |
| ✅ JSON       | v8r                      | list_of_files |    10 |       |      0 |        0 | 1.4s         |
| ✅ MARKDOWN   | markdownlint             | list_of_files |     2 |     0 |      0 |        0 | 0.33s        |
| ✅ MARKDOWN   | markdown-table-formatter | list_of_files |     2 |     1 |      0 |        0 | 0.15s        |
| ✅ REPOSITORY | betterleaks              | project       |   n/a |       |      0 |        0 | 0.69s        |
| ✅ REPOSITORY | checkov                  | project       |   n/a |       |      0 |        0 | 10.91s       |
| ✅ REPOSITORY | devskim                  | project       |   n/a |       |      0 |        0 | 1.04s        |
| ✅ REPOSITORY | dustilock                | project       |   n/a |       |      0 |        0 | 0.14s        |
| ✅ REPOSITORY | gitleaks                 | project       |   n/a |       |      0 |        0 | 0.21s        |
| ✅ REPOSITORY | git_diff                 | project       |   n/a |       |      0 |        0 | 0.12s        |
| ✅ REPOSITORY | grype                    | project       |   n/a |       |      0 |        0 | 32.94s       |
| ✅ REPOSITORY | kingfisher               | project       |   n/a |       |      0 |        0 | 4.96s        |
| ✅ REPOSITORY | osv-scanner              | project       |   n/a |       |      0 |        0 | 0.25s        |
| ✅ REPOSITORY | secretlint               | project       |   n/a |       |      0 |        0 | 0.47s        |
| ✅ REPOSITORY | syft                     | project       |   n/a |       |      0 |        0 | 1.31s        |
| ✅ REPOSITORY | trivy                    | project       |   n/a |       |      0 |        0 | 11.25s       |
| ✅ REPOSITORY | trivy-sbom               | project       |   n/a |       |      0 |        0 | 0.23s        |
| ✅ REPOSITORY | trufflehog               | project       |   n/a |       |      0 |        0 | 1.75s        |
| ✅ SPELL      | cspell                   | list_of_files |    33 |       |      0 |        0 | 1.51s        |
| ✅ SPELL      | lychee                   | list_of_files |    29 |       |      0 |        0 | 0.45s        |
| ✅ YAML       | prettier                 | list_of_files |    17 |     4 |      0 |        0 | 0.33s        |
| ❌ YAML       | v8r                      | list_of_files |    17 |       |      1 |        0 | 2.84s        |
| ✅ YAML       | yamllint                 | list_of_files |    17 |       |      0 |        0 | 0.37s        |
+---------------+--------------------------+---------------+-------+-------+--------+----------+--------------+

[34m📣 **MegaLinter 9.5.0 is out!** Discover the new features and security recommendations in the [release announcement](https://github.com/oxsecurity/megalinter/issues/7835). (Skip this info by defining `SECURITY_SUGGESTIONS: false`)[0m

[34mYour project could benefit from a custom flavor, which would allow you to run only the linters you need, and thus improve runtime performances. (Skip this info by defining `FLAVOR_SUGGESTIONS: false`)
[0m- Documentation: https://megalinter.io/beta/custom-flavors/
- Command: `npx mega-linter-runner@beta --custom-flavor-setup --custom-flavor-linters ACTION_ACTIONLINT,ACTION_ZIZMOR,BASH_EXEC,BASH_SHELLCHECK,BASH_SHFMT,COPYPASTE_JSCPD,JSON_JSONLINT,JSON_V8R,JSON_PRETTIER,MARKDOWN_MARKDOWNLINT,MARKDOWN_MARKDOWN_TABLE_FORMATTER,REPOSITORY_CHECKOV,REPOSITORY_DEVSKIM,REPOSITORY_DUSTILOCK,REPOSITORY_GIT_DIFF,REPOSITORY_GITLEAKS,REPOSITORY_BETTERLEAKS,REPOSITORY_GRYPE,REPOSITORY_OSV_SCANNER,REPOSITORY_SECRETLINT,REPOSITORY_SYFT,REPOSITORY_TRIVY,REPOSITORY_TRIVY_SBOM,REPOSITORY_TRUFFLEHOG,REPOSITORY_KINGFISHER,SPELL_CSPELL,SPELL_LYCHEE,YAML_PRETTIER,YAML_YAMLLINT,YAML_V8R`

[GitHub Comment Reporter] No pull request has been found, so no comment has been posted
[MARKDOWN_SUMMARY Reporter] Generated MARKDOWN_SUMMARY report: /github/workspace/megalinter-reports/megalinter-report.md
[MARKDOWN_SUMMARY Reporter] Also appended to GITHUB_STEP_SUMMARY: /github/file_commands/step_summary_fc76eaca-3c2f-48de-b408-d14a3c09c715
[Updated Sources Reporter] copied 14 fixed source files in folder /github/workspace/megalinter-reports/updated_sources.
[31m❌ Error(s) have been found during linting[0m
To disable linters or customize their checks, you can use a .mega-linter.yml file at the root of your repository
More info at https://megalinter.io/beta/configuration/
