Results of zizmor linter (version 1.25.0)
See documentation on https://megalinter.io/beta/descriptors/action_zizmor/
-----------------------------------------------

❌ [ERROR] for workspace /github/workspace
Linter raw log:
 INFO zizmor: 🌈 zizmor v1.25.0
 INFO audit: zizmor: 🌈 completed .github/workflows/ci_lint.yml
 INFO audit: zizmor: 🌈 completed .github/workflows/targets-first-party.yml
 INFO audit: zizmor: 🌈 completed .github/workflows/targets-immutable.yml
 INFO audit: zizmor: 🌈 completed .github/workflows/targets-local-reusable-workflow-immutable-child.yml
 INFO audit: zizmor: 🌈 completed .github/workflows/targets-local-reusable-workflow-immutable-parent.yml
 INFO audit: zizmor: 🌈 completed .github/workflows/targets-local-reusable-workflow-mutable-child.yml
 INFO audit: zizmor: 🌈 completed .github/workflows/targets-local-reusable-workflow-mutable-parent.yml
 INFO audit: zizmor: 🌈 completed .github/workflows/targets-mixed-first-party.yml
 INFO audit: zizmor: 🌈 completed .github/workflows/targets-mutable.yml
 INFO audit: zizmor: 🌈 completed .github/workflows/targets-unsupported.yml
 INFO audit: zizmor: 🌈 completed .github/workflows/validate-refs.yml
help[artipacked]: credential persistence through GitHub Actions artifacts
  --> .github/workflows/ci_lint.yml:66:9
   |
66 |         - name: Checkout
   |  _________^
67 | |         uses: actions/checkout@HIDDEN_BY_MEGALINTER# v7.0.0
68 | |         with:
69 | |           token: ${{ secrets.PAT || github.token }}
70 | |           fetch-depth: 0
   | |________________________^ does not set persist-credentials: false
   |
   = note: audit confidence → Low
   = note: this finding has an auto-fix
   = help: audit documentation → https://docs.zizmor.sh/audits/#artipacked

error[unpinned-uses]: unpinned action reference
  --> .github/workflows/ci_lint.yml:83:15
   |
83 |         uses: Wuodan/megalinter@beta
   |               ^^^^^^^^^^^^^^^^^^^^^^ action is not pinned to a hash (required by blanket policy)
   |
   = note: audit confidence → High
   = help: audit documentation → https://docs.zizmor.sh/audits/#unpinned-uses

help[artipacked]: credential persistence through GitHub Actions artifacts
  --> .github/workflows/targets-first-party.yml:13:9
   |
13 |       - uses: actions/checkout@v7
   |         ^^^^^^^^^^^^^^^^^^^^^^^^^ does not set persist-credentials: false
   |
   = note: audit confidence → Low
   = note: this finding has an auto-fix
   = help: audit documentation → https://docs.zizmor.sh/audits/#artipacked

error[unpinned-uses]: unpinned action reference
  --> .github/workflows/targets-first-party.yml:13:15
   |
13 |       - uses: actions/checkout@v7
   |               ^^^^^^^^^^^^^^^^^^^ action is not pinned to a hash (required by blanket policy)
   |
   = note: audit confidence → High
   = note: this finding has an auto-fix
   = help: audit documentation → https://docs.zizmor.sh/audits/#unpinned-uses

error[unpinned-uses]: unpinned action reference
  --> .github/workflows/targets-first-party.yml:14:15
   |
14 |       - uses: actions/setup-node@v6
   |               ^^^^^^^^^^^^^^^^^^^^^ action is not pinned to a hash (required by blanket policy)
   |
   = note: audit confidence → High
   = note: this finding has an auto-fix
   = help: audit documentation → https://docs.zizmor.sh/audits/#unpinned-uses

error[unpinned-uses]: unpinned action reference
  --> .github/workflows/targets-immutable.yml:13:15
   |
13 |       - uses: Wuodan/ensure-immutable-actions-test-fixtures/composite-actions/parent@__FIXTURES_SHA__
   |               ^^^^^^^^^^^^^^^^^^^^^^^^^^^^^^^^^^^^^^^^^^^^^^^^^^^^^^^^^^^^^^^^^^^^^^^^^^^^^^^^^^^^^^^ action is not pinned to a hash (required by blanket policy)
   |
   = note: audit confidence → High
   = help: audit documentation → https://docs.zizmor.sh/audits/#unpinned-uses

error[unpinned-uses]: unpinned action reference
  --> .github/workflows/targets-immutable.yml:16:11
   |
16 |     uses: Wuodan/ensure-immutable-actions-test-fixtures/.github/workflows/reusable.yml@__FIXTURES_SHA__
   |           ^^^^^^^^^^^^^^^^^^^^^^^^^^^^^^^^^^^^^^^^^^^^^^^^^^^^^^^^^^^^^^^^^^^^^^^^^^^^^^^^^^^^^^^^^^^^^ action is not pinned to a hash (required by blanket policy)
   |
   = note: audit confidence → High
   = help: audit documentation → https://docs.zizmor.sh/audits/#unpinned-uses

error[unpinned-uses]: unpinned action reference
  --> .github/workflows/targets-local-reusable-workflow-immutable-child.yml:13:15
   |
13 |       - uses: Wuodan/ensure-immutable-actions-test-fixtures/composite-actions/local-reusable-workflow-target@__FIXTURES_SHA__
   |               ^^^^^^^^^^^^^^^^^^^^^^^^^^^^^^^^^^^^^^^^^^^^^^^^^^^^^^^^^^^^^^^^^^^^^^^^^^^^^^^^^^^^^^^^^^^^^^^^^^^^^^^^^^^^^^^ action is not pinned to a hash (required by blanket policy)
   |
   = note: audit confidence → High
   = help: audit documentation → https://docs.zizmor.sh/audits/#unpinned-uses

error[unpinned-uses]: unpinned action reference
  --> .github/workflows/targets-local-reusable-workflow-mutable-child.yml:13:15
   |
13 |       - uses: Wuodan/ensure-immutable-actions-test-fixtures/composite-actions/local-reusable-workflow-target@__FIXTURES_BRANCH__
   |               ^^^^^^^^^^^^^^^^^^^^^^^^^^^^^^^^^^^^^^^^^^^^^^^^^^^^^^^^^^^^^^^^^^^^^^^^^^^^^^^^^^^^^^^^^^^^^^^^^^^^^^^^^^^^^^^^^^ action is not pinned to a hash (required by blanket policy)
   |
   = note: audit confidence → High
   = help: audit documentation → https://docs.zizmor.sh/audits/#unpinned-uses

help[artipacked]: credential persistence through GitHub Actions artifacts
  --> .github/workflows/targets-mixed-first-party.yml:13:9
   |
13 |       - uses: actions/checkout@v7
   |         ^^^^^^^^^^^^^^^^^^^^^^^^^ does not set persist-credentials: false
   |
   = note: audit confidence → Low
   = note: this finding has an auto-fix
   = help: audit documentation → https://docs.zizmor.sh/audits/#artipacked

error[unpinned-uses]: unpinned action reference
  --> .github/workflows/targets-mixed-first-party.yml:13:15
   |
13 |       - uses: actions/checkout@v7
   |               ^^^^^^^^^^^^^^^^^^^ action is not pinned to a hash (required by blanket policy)
   |
   = note: audit confidence → High
   = note: this finding has an auto-fix
   = help: audit documentation → https://docs.zizmor.sh/audits/#unpinned-uses

error[unpinned-uses]: unpinned action reference
  --> .github/workflows/targets-mixed-first-party.yml:14:15
   |
14 |       - uses: actions/setup-node@v6
   |               ^^^^^^^^^^^^^^^^^^^^^ action is not pinned to a hash (required by blanket policy)
   |
   = note: audit confidence → High
   = note: this finding has an auto-fix
   = help: audit documentation → https://docs.zizmor.sh/audits/#unpinned-uses

error[unpinned-uses]: unpinned action reference
  --> .github/workflows/targets-mixed-first-party.yml:15:15
   |
15 |       - uses: Wuodan/ensure-immutable-actions-test-fixtures/composite-actions/parent@__FIXTURES_BRANCH__
   |               ^^^^^^^^^^^^^^^^^^^^^^^^^^^^^^^^^^^^^^^^^^^^^^^^^^^^^^^^^^^^^^^^^^^^^^^^^^^^^^^^^^^^^^^^^^ action is not pinned to a hash (required by blanket policy)
   |
   = note: audit confidence → High
   = help: audit documentation → https://docs.zizmor.sh/audits/#unpinned-uses

error[unpinned-uses]: unpinned action reference
  --> .github/workflows/targets-mixed-first-party.yml:16:15
   |
16 |       - uses: Wuodan/ensure-immutable-actions-test-fixtures/composite-actions/leaf@__FIXTURES_SHA__
   |               ^^^^^^^^^^^^^^^^^^^^^^^^^^^^^^^^^^^^^^^^^^^^^^^^^^^^^^^^^^^^^^^^^^^^^^^^^^^^^^^^^^^^^ action is not pinned to a hash (required by blanket policy)
   |
   = note: audit confidence → High
   = help: audit documentation → https://docs.zizmor.sh/audits/#unpinned-uses

help[artipacked]: credential persistence through GitHub Actions artifacts
  --> .github/workflows/targets-mutable.yml:13:9
   |
13 |       - uses: actions/checkout@v7
   |         ^^^^^^^^^^^^^^^^^^^^^^^^^ does not set persist-credentials: false
   |
   = note: audit confidence → Low
   = note: this finding has an auto-fix
   = help: audit documentation → https://docs.zizmor.sh/audits/#artipacked

error[unpinned-uses]: unpinned action reference
  --> .github/workflows/targets-mutable.yml:13:15
   |
13 |       - uses: actions/checkout@v7
   |               ^^^^^^^^^^^^^^^^^^^ action is not pinned to a hash (required by blanket policy)
   |
   = note: audit confidence → High
   = note: this finding has an auto-fix
   = help: audit documentation → https://docs.zizmor.sh/audits/#unpinned-uses

error[unpinned-uses]: unpinned action reference
  --> .github/workflows/targets-mutable.yml:14:15
   |
14 |       - uses: Wuodan/ensure-immutable-actions-test-fixtures/composite-actions/parent@__FIXTURES_BRANCH__
   |               ^^^^^^^^^^^^^^^^^^^^^^^^^^^^^^^^^^^^^^^^^^^^^^^^^^^^^^^^^^^^^^^^^^^^^^^^^^^^^^^^^^^^^^^^^^ action is not pinned to a hash (required by blanket policy)
   |
   = note: audit confidence → High
   = help: audit documentation → https://docs.zizmor.sh/audits/#unpinned-uses

error[unpinned-uses]: unpinned action reference
  --> .github/workflows/targets-mutable.yml:19:15
   |
19 |       - uses: Wuodan/ensure-immutable-actions-test-fixtures/composite-actions/parent@__FIXTURES_BRANCH__
   |               ^^^^^^^^^^^^^^^^^^^^^^^^^^^^^^^^^^^^^^^^^^^^^^^^^^^^^^^^^^^^^^^^^^^^^^^^^^^^^^^^^^^^^^^^^^ action is not pinned to a hash (required by blanket policy)
   |
   = note: audit confidence → High
   = help: audit documentation → https://docs.zizmor.sh/audits/#unpinned-uses

error[unpinned-uses]: unpinned action reference
  --> .github/workflows/targets-mutable.yml:22:11
   |
22 |     uses: Wuodan/ensure-immutable-actions-test-fixtures/.github/workflows/reusable.yml@__FIXTURES_BRANCH__
   |           ^^^^^^^^^^^^^^^^^^^^^^^^^^^^^^^^^^^^^^^^^^^^^^^^^^^^^^^^^^^^^^^^^^^^^^^^^^^^^^^^^^^^^^^^^^^^^^^^ action is not pinned to a hash (required by blanket policy)
   |
   = note: audit confidence → High
   = help: audit documentation → https://docs.zizmor.sh/audits/#unpinned-uses

error[unpinned-uses]: unpinned action reference
  --> .github/workflows/targets-unsupported.yml:18:15
   |
18 |       - uses: Wuodan/ensure-immutable-actions-test-fixtures/composite-actions/docker-unsupported@__FIXTURES_SHA__
   |               ^^^^^^^^^^^^^^^^^^^^^^^^^^^^^^^^^^^^^^^^^^^^^^^^^^^^^^^^^^^^^^^^^^^^^^^^^^^^^^^^^^^^^^^^^^^^^^^^^^^ action is not pinned to a hash (required by blanket policy)
   |
   = note: audit confidence → High
   = help: audit documentation → https://docs.zizmor.sh/audits/#unpinned-uses

help[artipacked]: credential persistence through GitHub Actions artifacts
  --> .github/workflows/validate-refs.yml:34:9
   |
34 |       - uses: actions/checkout@v7
   |         ^^^^^^^^^^^^^^^^^^^^^^^^^ does not set persist-credentials: false
   |
   = note: audit confidence → Low
   = note: this finding has an auto-fix
   = help: audit documentation → https://docs.zizmor.sh/audits/#artipacked

help[artipacked]: credential persistence through GitHub Actions artifacts
   --> .github/workflows/validate-refs.yml:116:9
    |
116 |       - uses: actions/checkout@v7
    |         ^^^^^^^^^^^^^^^^^^^^^^^^^ does not set persist-credentials: false
    |
    = note: audit confidence → Low
    = note: this finding has an auto-fix
    = help: audit documentation → https://docs.zizmor.sh/audits/#artipacked

help[artipacked]: credential persistence through GitHub Actions artifacts
   --> .github/workflows/validate-refs.yml:118:9
    |
118 |         - name: Checkout action under test
    |  _________^
119 | |         uses: actions/checkout@v7
120 | |         with:
121 | |           repository: ${{ inputs.repository }}
122 | |           ref: ${{ inputs.ref }}
123 | |           path: action
    | |______________________^ does not set persist-credentials: false
    |
    = note: audit confidence → Low
    = note: this finding has an auto-fix
    = help: audit documentation → https://docs.zizmor.sh/audits/#artipacked

help[artipacked]: credential persistence through GitHub Actions artifacts
   --> .github/workflows/validate-refs.yml:193:9
    |
193 |       - uses: actions/checkout@v7
    |         ^^^^^^^^^^^^^^^^^^^^^^^^^ does not set persist-credentials: false
    |
    = note: audit confidence → Low
    = note: this finding has an auto-fix
    = help: audit documentation → https://docs.zizmor.sh/audits/#artipacked

help[artipacked]: credential persistence through GitHub Actions artifacts
   --> .github/workflows/validate-refs.yml:195:9
    |
195 |         - name: Checkout action under test
    |  _________^
196 | |         uses: actions/checkout@v7
197 | |         with:
198 | |           repository: ${{ inputs.repository }}
199 | |           ref: ${{ inputs.ref }}
200 | |           path: action
    | |______________________^ does not set persist-credentials: false
    |
    = note: audit confidence → Low
    = note: this finding has an auto-fix
    = help: audit documentation → https://docs.zizmor.sh/audits/#artipacked

error[template-injection]: code injection via template expansion
  --> .github/workflows/validate-refs.yml:52:47
   |
46 |         run: |
   |         --- this run block
...
52 |             echo "| Action repository | \`${{ inputs.repository }}\` |"
   |                                               ^^^^^^^^^^^^^^^^^ may expand into attacker-controllable code
   |
   = note: audit confidence → High
   = note: this finding has an auto-fix
   = help: audit documentation → https://docs.zizmor.sh/audits/#template-injection

error[template-injection]: code injection via template expansion
  --> .github/workflows/validate-refs.yml:53:40
   |
46 |         run: |
   |         --- this run block
...
53 |             echo "| Action ref | \`${{ inputs.ref }}\` |"
   |                                        ^^^^^^^^^^ may expand into attacker-controllable code
   |
   = note: audit confidence → High
   = note: this finding has an auto-fix
   = help: audit documentation → https://docs.zizmor.sh/audits/#template-injection

error[template-injection]: code injection via template expansion
  --> .github/workflows/validate-refs.yml:55:41
   |
46 |         run: |
   |         --- this run block
...
55 |             echo "| Test branch | \`${{ github.ref_name }}\` |"
   |                                         ^^^^^^^^^^^^^^^ may expand into attacker-controllable code
   |
   = note: audit confidence → High
   = note: this finding has an auto-fix
   = help: audit documentation → https://docs.zizmor.sh/audits/#template-injection

info[template-injection]: code injection via template expansion
  --> .github/workflows/validate-refs.yml:56:49
   |
46 |         run: |
   |         --- this run block
...
56 |             echo "| Fixtures repository | \`${{ steps.fixtures.outputs.repository }}\` |"
   |                                                 ^^^^^^^^^^^^^^^^^^^^^^^^^^^^^^^^^ may expand into attacker-controllable code
   |
   = note: audit confidence → Low
   = note: this finding has an auto-fix
   = help: audit documentation → https://docs.zizmor.sh/audits/#template-injection

info[template-injection]: code injection via template expansion
  --> .github/workflows/validate-refs.yml:57:45
   |
46 |         run: |
   |         --- this run block
...
57 |             echo "| Fixtures branch | \`${{ steps.fixtures.outputs.branch }}\` |"
   |                                             ^^^^^^^^^^^^^^^^^^^^^^^^^^^^^ may expand into attacker-controllable code
   |
   = note: audit confidence → Low
   = note: this finding has an auto-fix
   = help: audit documentation → https://docs.zizmor.sh/audits/#template-injection

info[template-injection]: code injection via template expansion
  --> .github/workflows/validate-refs.yml:58:42
   |
46 |         run: |
   |         --- this run block
...
58 |             echo "| Fixtures SHA | \`${{ steps.fixtures.outputs.sha }}\` |"
   |                                          ^^^^^^^^^^^^^^^^^^^^^^^^^^ may expand into attacker-controllable code
   |
   = note: audit confidence → Low
   = note: this finding has an auto-fix
   = help: audit documentation → https://docs.zizmor.sh/audits/#template-injection

info[template-injection]: code injection via template expansion
   --> .github/workflows/validate-refs.yml:238:21
    |
236 |         run: |
    |         --- this run block
237 |           set -euo pipefail
238 |           test "${{ steps.scan.outcome }}" = "failure"
    |                     ^^^^^^^^^^^^^^^^^^ may expand into attacker-controllable code
    |
    = note: audit confidence → Low
    = note: this finding has an auto-fix
    = help: audit documentation → https://docs.zizmor.sh/audits/#template-injection

error[unpinned-uses]: unpinned action reference
  --> .github/workflows/validate-refs.yml:34:15
   |
34 |       - uses: actions/checkout@v7
   |               ^^^^^^^^^^^^^^^^^^^ action is not pinned to a hash (required by blanket policy)
   |
   = note: audit confidence → High
   = note: this finding has an auto-fix
   = help: audit documentation → https://docs.zizmor.sh/audits/#unpinned-uses

error[unpinned-uses]: unpinned action reference
   --> .github/workflows/validate-refs.yml:116:15
    |
116 |       - uses: actions/checkout@v7
    |               ^^^^^^^^^^^^^^^^^^^ action is not pinned to a hash (required by blanket policy)
    |
    = note: audit confidence → High
    = note: this finding has an auto-fix
    = help: audit documentation → https://docs.zizmor.sh/audits/#unpinned-uses

error[unpinned-uses]: unpinned action reference
   --> .github/workflows/validate-refs.yml:119:15
    |
119 |         uses: actions/checkout@v7
    |               ^^^^^^^^^^^^^^^^^^^ action is not pinned to a hash (required by blanket policy)
    |
    = note: audit confidence → High
    = note: this finding has an auto-fix
    = help: audit documentation → https://docs.zizmor.sh/audits/#unpinned-uses

error[unpinned-uses]: unpinned action reference
   --> .github/workflows/validate-refs.yml:126:15
    |
126 |         uses: actions/setup-node@v6
    |               ^^^^^^^^^^^^^^^^^^^^^ action is not pinned to a hash (required by blanket policy)
    |
    = note: audit confidence → High
    = note: this finding has an auto-fix
    = help: audit documentation → https://docs.zizmor.sh/audits/#unpinned-uses

error[unpinned-uses]: unpinned action reference
   --> .github/workflows/validate-refs.yml:193:15
    |
193 |       - uses: actions/checkout@v7
    |               ^^^^^^^^^^^^^^^^^^^ action is not pinned to a hash (required by blanket policy)
    |
    = note: audit confidence → High
    = note: this finding has an auto-fix
    = help: audit documentation → https://docs.zizmor.sh/audits/#unpinned-uses

error[unpinned-uses]: unpinned action reference
   --> .github/workflows/validate-refs.yml:196:15
    |
196 |         uses: actions/checkout@v7
    |               ^^^^^^^^^^^^^^^^^^^ action is not pinned to a hash (required by blanket policy)
    |
    = note: audit confidence → High
    = note: this finding has an auto-fix
    = help: audit documentation → https://docs.zizmor.sh/audits/#unpinned-uses

error[unpinned-uses]: unpinned action reference
   --> .github/workflows/validate-refs.yml:203:15
    |
203 |         uses: actions/setup-node@v6
    |               ^^^^^^^^^^^^^^^^^^^^^ action is not pinned to a hash (required by blanket policy)
    |
    = note: audit confidence → High
    = note: this finding has an auto-fix
    = help: audit documentation → https://docs.zizmor.sh/audits/#unpinned-uses

65 findings (26 suppressed, 28 unsafe fixes): 4 informational, 9 low, 0 medium, 26 high
No fixes available to apply (28 held back by safe mode). Use --fix=unsafe or --fix=all to apply unsafe fixes.

