Results of cspell linter (version 10.0.1)
See documentation on https://megalinter.io/beta/descriptors/spell_cspell/
-----------------------------------------------

❌ [ERROR] for workspace /github/workspace
Linter raw log:
.github/actions/close-pull-request/action.yml:34:18     - Unknown word (pipefail)   -- set -euo pipefail
	 Suggestions: [pipeful, pineal, pigtail, pintail, pitfall]
.github/workflows/ci_lint.yml:60:20     - Unknown word (pipefail)   -- set -euo pipefail
	 Suggestions: [pipeful, pineal, pigtail, pintail, pitfall]
.github/workflows/ci_lint.yml:83:15     - Unknown word (Wuodan)     -- uses: Wuodan/megalinter@beta
	 Suggestions: [houdan, Houdan, soudan, Soudan, Woden]
.github/workflows/targets-immutable.yml:13:15     - Unknown word (Wuodan)     -- - uses: Wuodan/ensure-immutable-actions
	 Suggestions: [houdan, Houdan, soudan, Soudan, Woden]
.github/workflows/targets-immutable.yml:16:11     - Unknown word (Wuodan)     -- uses: Wuodan/ensure-immutable-actions
	 Suggestions: [houdan, Houdan, soudan, Soudan, Woden]
.github/workflows/targets-local-reusable-workflow-immutable-child.yml:13:15     - Unknown word (Wuodan)     -- - uses: Wuodan/ensure-immutable-actions
	 Suggestions: [houdan, Houdan, soudan, Soudan, Woden]
.github/workflows/targets-local-reusable-workflow-mutable-child.yml:13:15     - Unknown word (Wuodan)     -- - uses: Wuodan/ensure-immutable-actions
	 Suggestions: [houdan, Houdan, soudan, Soudan, Woden]
.github/workflows/targets-mixed-first-party.yml:15:15     - Unknown word (Wuodan)     -- - uses: Wuodan/ensure-immutable-actions
	 Suggestions: [houdan, Houdan, soudan, Soudan, Woden]
.github/workflows/targets-mixed-first-party.yml:16:15     - Unknown word (Wuodan)     -- - uses: Wuodan/ensure-immutable-actions
	 Suggestions: [houdan, Houdan, soudan, Soudan, Woden]
.github/workflows/targets-mutable.yml:14:15     - Unknown word (Wuodan)     -- - uses: Wuodan/ensure-immutable-actions
	 Suggestions: [houdan, Houdan, soudan, Soudan, Woden]
.github/workflows/targets-mutable.yml:19:15     - Unknown word (Wuodan)     -- - uses: Wuodan/ensure-immutable-actions
	 Suggestions: [houdan, Houdan, soudan, Soudan, Woden]
.github/workflows/targets-mutable.yml:22:11     - Unknown word (Wuodan)     -- uses: Wuodan/ensure-immutable-actions
	 Suggestions: [houdan, Houdan, soudan, Soudan, Woden]
.github/workflows/targets-unsupported.yml:18:15     - Unknown word (Wuodan)     -- - uses: Wuodan/ensure-immutable-actions
	 Suggestions: [houdan, Houdan, soudan, Soudan, Woden]
.github/workflows/validate-refs.yml:9:19      - Unknown word (joshjohanning) -- default: "joshjohanning/ensure-immutable-actions
	 Suggestions: []
.github/workflows/validate-refs.yml:19:19     - Unknown word (Wuodan)        -- default: "Wuodan/ensure-immutable-actions
	 Suggestions: [houdan, Houdan, soudan, Soudan, Woden]
.github/workflows/validate-refs.yml:90:32     - Unknown word (immut)         -- workflows: targets-immut*.yml,targets-unsup*
	 Suggestions: [imit, imus, Imus, smut, mut]
.github/workflows/validate-refs.yml:90:51     - Unknown word (unsup)         -- targets-immut*.yml,targets-unsup*.yml
	 Suggestions: [unup, unUp, Unup, UnUp, unsw]
.github/workflows/validate-refs.yml:95:78     - Unknown word (unsup)         -- mutable.yml,targets-unsup*.yml,targets-first-party
	 Suggestions: [unup, unUp, Unup, UnUp, unsw]
.github/workflows/validate-refs.yml:136:20    - Unknown word (pipefail)      -- set -euo pipefail
	 Suggestions: [pipeful, pineal, pigtail, pintail, pitfall]
.github/workflows/validate-refs.yml:172:20    - Unknown word (pipefail)      -- set -euo pipefail
	 Suggestions: [pipeful, pineal, pigtail, pintail, pitfall]
.github/workflows/validate-refs.yml:213:20    - Unknown word (pipefail)      -- set -euo pipefail
	 Suggestions: [pipeful, pineal, pigtail, pintail, pitfall]
.github/workflows/validate-refs.yml:237:20    - Unknown word (pipefail)      -- set -euo pipefail
	 Suggestions: [pipeful, pineal, pigtail, pintail, pitfall]
.gitignore:14:2      - Unknown word (eslintcache) -- .eslintcache
	 Suggestions: []
.mega-linter.yml:1:8       - Unknown word (ZIZMOR)     -- ACTION_ZIZMOR_UNSECURED_ENV_VARIABLES
	 Suggestions: [ZIMMER, Zimmer, GIZMO, IZMIR, TIMOR]
expected/exclude-workflows-selection.json:32:26     - Unknown word (Wuodan)     -- "entrypointUses": "Wuodan/ensure-immutable-actions
	 Suggestions: [houdan, Houdan, soudan, Soudan, Woden]
expected/exclude-workflows-selection.json:36:17     - Unknown word (Wuodan)     -- "owner": "Wuodan",
	 Suggestions: [houdan, Houdan, soudan, Soudan, Woden]
expected/exclude-workflows-selection.json:43:16     - Unknown word (Wuodan)     -- "uses": "Wuodan/ensure-immutable-actions
	 Suggestions: [houdan, Houdan, soudan, Soudan, Woden]
expected/exclude-workflows-selection.json:47:26     - Unknown word (Wuodan)     -- "entrypointUses": "Wuodan/ensure-immutable-actions
	 Suggestions: [houdan, Houdan, soudan, Soudan, Woden]
expected/exclude-workflows-selection.json:51:17     - Unknown word (Wuodan)     -- "owner": "Wuodan",
	 Suggestions: [houdan, Houdan, soudan, Soudan, Woden]
expected/targets-immutable.json:36:17     - Unknown word (Wuodan)     -- "owner": "Wuodan",
	 Suggestions: [houdan, Houdan, soudan, Soudan, Woden]
expected/targets-immutable.json:43:16     - Unknown word (Wuodan)     -- "uses": "Wuodan/ensure-immutable-actions
	 Suggestions: [houdan, Houdan, soudan, Soudan, Woden]
expected/targets-immutable.json:47:26     - Unknown word (Wuodan)     -- "entrypointUses": "Wuodan/ensure-immutable-actions
	 Suggestions: [houdan, Houdan, soudan, Soudan, Woden]
expected/targets-immutable.json:51:17     - Unknown word (Wuodan)     -- "owner": "Wuodan",
	 Suggestions: [houdan, Houdan, soudan, Soudan, Woden]
expected/targets-immutable.json:58:16     - Unknown word (Wuodan)     -- "uses": "Wuodan/ensure-immutable-actions
	 Suggestions: [houdan, Houdan, soudan, Soudan, Woden]
expected/targets-mixed-first-party-include-first-party.json:34:26     - Unknown word (Wuodan)     -- "entrypointUses": "Wuodan/ensure-immutable-actions
	 Suggestions: [houdan, Houdan, soudan, Soudan, Woden]
expected/targets-mixed-first-party-include-first-party.json:38:17     - Unknown word (Wuodan)     -- "owner": "Wuodan",
	 Suggestions: [houdan, Houdan, soudan, Soudan, Woden]
expected/targets-mixed-first-party-include-first-party.json:45:16     - Unknown word (Wuodan)     -- "uses": "Wuodan/ensure-immutable-actions
	 Suggestions: [houdan, Houdan, soudan, Soudan, Woden]
expected/targets-mixed-first-party-include-first-party.json:49:26     - Unknown word (Wuodan)     -- "entrypointUses": "Wuodan/ensure-immutable-actions
	 Suggestions: [houdan, Houdan, soudan, Soudan, Woden]
expected/targets-mixed-first-party-include-first-party.json:53:17     - Unknown word (Wuodan)     -- "owner": "Wuodan",
	 Suggestions: [houdan, Houdan, soudan, Soudan, Woden]
expected/targets-mutable.json:32:26     - Unknown word (Wuodan)     -- "entrypointUses": "Wuodan/ensure-immutable-actions
	 Suggestions: [houdan, Houdan, soudan, Soudan, Woden]
expected/targets-mutable.json:36:17     - Unknown word (Wuodan)     -- "owner": "Wuodan",
	 Suggestions: [houdan, Houdan, soudan, Soudan, Woden]
expected/targets-mutable.json:43:16     - Unknown word (Wuodan)     -- "uses": "Wuodan/ensure-immutable-actions
	 Suggestions: [houdan, Houdan, soudan, Soudan, Woden]
expected/targets-mutable.json:53:17     - Unknown word (Wuodan)     -- "owner": "Wuodan",
	 Suggestions: [houdan, Houdan, soudan, Soudan, Woden]
expected/targets-mutable.json:60:16     - Unknown word (Wuodan)     -- "uses": "Wuodan/ensure-immutable-actions
	 Suggestions: [houdan, Houdan, soudan, Soudan, Woden]
expected/targets-unsupported.json:7:26      - Unknown word (Wuodan)     -- "entrypointUses": "Wuodan/ensure-immutable-actions
	 Suggestions: [houdan, Houdan, soudan, Soudan, Woden]
expected/targets-unsupported.json:11:17     - Unknown word (Wuodan)     -- "owner": "Wuodan",
	 Suggestions: [houdan, Houdan, soudan, Soudan, Woden]
expected/targets-unsupported.json:18:16     - Unknown word (Wuodan)     -- "uses": "Wuodan/ensure-immutable-actions
	 Suggestions: [houdan, Houdan, soudan, Soudan, Woden]
expected/workflows-glob-selection.json:36:17     - Unknown word (Wuodan)     -- "owner": "Wuodan",
	 Suggestions: [houdan, Houdan, soudan, Soudan, Woden]
expected/workflows-glob-selection.json:43:16     - Unknown word (Wuodan)     -- "uses": "Wuodan/ensure-immutable-actions
	 Suggestions: [houdan, Houdan, soudan, Soudan, Woden]
expected/workflows-glob-selection.json:47:26     - Unknown word (Wuodan)     -- "entrypointUses": "Wuodan/ensure-immutable-actions
	 Suggestions: [houdan, Houdan, soudan, Soudan, Woden]
expected/workflows-glob-selection.json:51:17     - Unknown word (Wuodan)     -- "owner": "Wuodan",
	 Suggestions: [houdan, Houdan, soudan, Soudan, Woden]
expected/workflows-glob-selection.json:58:16     - Unknown word (Wuodan)     -- "uses": "Wuodan/ensure-immutable-actions
	 Suggestions: [houdan, Houdan, soudan, Soudan, Woden]
README.md:4:2       - Unknown word (Wuodan)     -- `Wuodan/ensure-immutable-actions
	 Suggestions: [houdan, Houdan, soudan, Soudan, Woden]
README.md:8:98      - Unknown word (Wuodan)     -- reusable workflow from `Wuodan/ensure-immutable-actions
	 Suggestions: [houdan, Houdan, soudan, Soudan, Woden]
README.md:13:29     - Unknown word (Wuodan)     -- validate-refs.yml` runs `Wuodan/ensure-immutable-actions
	 Suggestions: [houdan, Houdan, soudan, Soudan, Woden]
scripts/render-fixtures.sh:48:8      - Unknown word (Wuodan)     -- -e "s|Wuodan/ensure-immutable-actions
	 Suggestions: [houdan, Houdan, soudan, Soudan, Woden]
scripts/render-fixtures.sh:52:8      - Unknown word (Wuodan)     -- -e "s|Wuodan/ensure-immutable-actions
	 Suggestions: [houdan, Houdan, soudan, Soudan, Woden]
scripts/render-fixtures.sh:53:21     - Unknown word (Wuodan)     -- -e "s|\"owner\": \"Wuodan\"|\"owner\": \"$FIXTURES
	 Suggestions: [houdan, Houdan, soudan, Soudan, Woden]
CSpell: Files checked: 31, Issues found: 58 in 19 files.


You can skip this misspellings by defining the following .cspell.json file at the root of your repository
Of course, please correct real typos before :)

{
    "version": "0.2",
    "language": "en",
    "ignorePaths": [
        "**/node_modules/**",
        "**/vscode-extension/**",
        "**/.git/**",
        "**/.pnpm-lock.json",
        ".vscode",
        "package-lock.json",
        "megalinter-reports"
    ],
    "words": [
        "Wuodan",
        "ZIZMOR",
        "eslintcache",
        "immut",
        "joshjohanning",
        "pipefail",
        "unsup"
    ]
}


You can also copy-paste megalinter-reports/.cspell.json at the root of your repository
