Results of lychee linter (version 0.24.2)
See documentation on https://megalinter.io/beta/descriptors/spell_lychee/
-----------------------------------------------

❌ [ERROR] for workspace /github/workspace
Linter raw log:
📝 Summary
---------------------
🔍 Total............3
🔗 Unique...........1
✅ Successful.......0
⏳ Timeouts.........0
🔀 Redirected.......0
👻 Excluded.........0
❓ Unknown..........0
🚫 Errors...........3
⛔ Unsupported......3

Errors in .github/workflows/targets-unsupported.yml
[ERROR] error: (at 13:15) | Cannot parse 'docker://alpine:3.20' into a URL: invalid port number

Errors in expected/targets-unsupported.json
[ERROR] error: (at 34:16) | Cannot parse 'docker://alpine:3.20' into a URL: invalid port number

Errors in expected/workflows-glob-selection.json
[ERROR] error: (at 148:16) | Cannot parse 'docker://alpine:3.20' into a URL: invalid port number


